<?xml version="1.0" encoding="UTF-8"?>
<!-- Generated by org.testng.reporters.JUnitReportReporter -->
<testsuite hostname="LAPTOP-N9A6E2GU" failures="0" tests="1" name="com.urbanladder.TestCases.Login_TestCases" time="25.328" errors="0" timestamp="20 Jun 2022 04:25:13 GMT">
  <testcase classname="com.urbanladder.TestCases.Login_TestCases" name="test1" time="25.328"/>
</testsuite> <!-- com.urbanladder.TestCases.Login_TestCases -->
