<?xml version="1.0" encoding="UTF-8"?>
<!-- Generated by org.testng.reporters.JUnitReportReporter -->
<testsuite hostname="LAPTOP-N9A6E2GU" failures="0" tests="1" name="com.urbanladder.TestCases.BookShelves_TestCases" time="34.675" errors="0" timestamp="25 Jun 2022 08:12:27 GMT">
  <testcase classname="com.urbanladder.TestCases.BookShelves_TestCases" name="displayBookShelves" time="34.675"/>
</testsuite> <!-- com.urbanladder.TestCases.BookShelves_TestCases -->
